main.obj : error LNK2019: 无法解析的外部符号 glewInit，该符号在函数 main 中被引用
main.obj : error LNK2019: 无法解析的外部符号 glfwInit，该符号在函数 main 中被引用
main.obj : error LNK2019: 无法解析的外部符号 glfwTerminate，该符号在函数 main 中被引用
main.obj : error LNK2019: 无法解析的外部符号 glfwWindowHint，该符号在函数 main 中被引用
main.obj : error LNK2019: 无法解析的外部符号 glfwCreateWindow，该符号在函数 main 中被引用
main.obj : error LNK2019: 无法解析的外部符号 glfwWindowShouldClose，该符号在函数 main 中被引用
main.obj : error LNK2019: 无法解析的外部符号 glfwSetWindowShouldClose，该符号在函数 "void __cdecl processInput(struct GLFWwindow *)" (?processInput@@YAXPEAUGLFWwindow@@@Z) 中被引用
main.obj : error LNK2019: 无法解析的外部符号 glfwSetFramebufferSizeCallback，该符号在函数 main 中被引用
main.obj : error LNK2019: 无法解析的外部符号 glfwPollEvents，该符号在函数 main 中被引用
main.obj : error LNK2019: 无法解析的外部符号 glfwSetInputMode，该符号在函数 main 中被引用
main.obj : error LNK2019: 无法解析的外部符号 glfwGetKey，该符号在函数 "void __cdecl processInput(struct GLFWwindow *)" (?processInput@@YAXPEAUGLFWwindow@@@Z) 中被引用
main.obj : error LNK2019: 无法解析的外部符号 glfwSetCursorPosCallback，该符号在函数 main 中被引用
main.obj : error LNK2019: 无法解析的外部符号 glfwMakeContextCurrent，该符号在函数 main 中被引用
main.obj : error LNK2019: 无法解析的外部符号 glfwSwapBuffers，该符号在函数 main 中被引用
main.obj : error LNK2001: 无法解析的外部符号 __glewBindBuffer
main.obj : error LNK2001: 无法解析的外部符号 __glewBufferData
main.obj : error LNK2001: 无法解析的外部符号 __glewGenBuffers
main.obj : error LNK2001: 无法解析的外部符号 __glewEnableVertexAttribArray
main.obj : error LNK2001: 无法解析的外部符号 __glewGetUniformLocation
main.obj : error LNK2001: 无法解析的外部符号 __glewUniform1i
main.obj : error LNK2001: 无法解析的外部符号 __glewUniform3f
main.obj : error LNK2001: 无法解析的外部符号 __glewUniformMatrix4fv
main.obj : error LNK2001: 无法解析的外部符号 __glewVertexAttribPointer
main.obj : error LNK2001: 无法解析的外部符号 __glewBindVertexArray
main.obj : error LNK2001: 无法解析的外部符号 __glewGenVertexArrays
main.obj : error LNK2001: 无法解析的外部符号 glewExperimental
Shader.obj : error LNK2001: 无法解析的外部符号 __imp___glewAttachShader
Shader.obj : error LNK2001: 无法解析的外部符号 __imp___glewCompileShader
Shader.obj : error LNK2001: 无法解析的外部符号 __imp___glewCreateProgram
Shader.obj : error LNK2001: 无法解析的外部符号 __imp___glewCreateShader
Shader.obj : error LNK2001: 无法解析的外部符号 __imp___glewDeleteShader
Shader.obj : error LNK2001: 无法解析的外部符号 __imp___glewGetProgramInfoLog
Shader.obj : error LNK2001: 无法解析的外部符号 __imp___glewGetProgramiv
Shader.obj : error LNK2001: 无法解析的外部符号 __imp___glewGetShaderInfoLog
Shader.obj : error LNK2001: 无法解析的外部符号 __imp___glewGetShaderiv
Shader.obj : error LNK2001: 无法解析的外部符号 __imp___glewGetUniformLocation
Shader.obj : error LNK2001: 无法解析的外部符号 __imp___glewLinkProgram
Shader.obj : error LNK2001: 无法解析的外部符号 __imp___glewShaderSource
Shader.obj : error LNK2001: 无法解析的外部符号 __imp___glewUniform1f
Shader.obj : error LNK2001: 无法解析的外部符号 __imp___glewUniform1i
Shader.obj : error LNK2001: 无法解析的外部符号 __imp___glewUniform3f
Shader.obj : error LNK2001: 无法解析的外部符号 __imp___glewUseProgram
E:\Cpp\OpenGL\glfw-3.3.bin.WIN32\lib-vc2017\glfw3.lib : warning LNK4272: 库计算机类型“x86”与目标计算机类型“x64”冲突
E:\Cpp\OpenGL\glew-2.1.0\lib\Release\Win32\glew32s.lib : warning LNK4272: 库计算机类型“x86”与目标计算机类型“x64”冲突
D:\Desktop\智慧树\OpenGL文件\透镜实验\加入透镜的孔径\x64\Debug\OpenGLexercise01.exe : fatal error LNK1120: 42 个无法解析的外部命令
