d:\desktop\智慧树\opengl文件\透镜实验\加入透镜的孔径\openglexercise01\debug\vc141.pdb
d:\desktop\智慧树\opengl文件\透镜实验\加入透镜的孔径\openglexercise01\debug\vc141.idb
d:\desktop\智慧树\opengl文件\透镜实验\加入透镜的孔径\openglexercise01\debug\test01.obj
d:\desktop\智慧树\opengl文件\透镜实验\加入透镜的孔径\openglexercise01\debug\shader.obj
d:\desktop\智慧树\opengl文件\透镜实验\加入透镜的孔径\openglexercise01\debug\material.obj
d:\desktop\智慧树\opengl文件\透镜实验\加入透镜的孔径\openglexercise01\debug\main.obj
d:\desktop\智慧树\opengl文件\透镜实验\加入透镜的孔径\openglexercise01\debug\lightspot.obj
d:\desktop\智慧树\opengl文件\透镜实验\加入透镜的孔径\openglexercise01\debug\lightpoint.obj
d:\desktop\智慧树\opengl文件\透镜实验\加入透镜的孔径\openglexercise01\debug\lightdirectional.obj
d:\desktop\智慧树\opengl文件\透镜实验\加入透镜的孔径\openglexercise01\debug\len.obj
d:\desktop\智慧树\opengl文件\透镜实验\加入透镜的孔径\openglexercise01\debug\convexlens.obj
d:\desktop\智慧树\opengl文件\透镜实验\加入透镜的孔径\openglexercise01\debug\camera.obj
d:\desktop\智慧树\opengl文件\透镜实验\加入透镜的孔径\openglexercise01\debug\ball.obj
d:\desktop\智慧树\opengl文件\透镜实验\加入透镜的孔径\openglexercise01\debug\lenarray.obj
d:\desktop\智慧树\opengl文件\透镜实验\加入透镜的孔径\debug\透镜实验.exe
d:\desktop\智慧树\opengl文件\透镜实验\加入透镜的孔径\debug\透镜实验.ilk
d:\desktop\智慧树\opengl文件\透镜实验\加入透镜的孔径\debug\透镜实验.pdb
d:\desktop\智慧树\opengl文件\透镜实验\加入透镜的孔径\openglexercise01\debug\openglexercise01.res
d:\desktop\智慧树\opengl文件\透镜实验\加入透镜的孔径\openglexercise01\debug\透镜实验.tlog\cl.command.1.tlog
d:\desktop\智慧树\opengl文件\透镜实验\加入透镜的孔径\openglexercise01\debug\透镜实验.tlog\cl.read.1.tlog
d:\desktop\智慧树\opengl文件\透镜实验\加入透镜的孔径\openglexercise01\debug\透镜实验.tlog\cl.write.1.tlog
d:\desktop\智慧树\opengl文件\透镜实验\加入透镜的孔径\openglexercise01\debug\透镜实验.tlog\link.command.1.tlog
d:\desktop\智慧树\opengl文件\透镜实验\加入透镜的孔径\openglexercise01\debug\透镜实验.tlog\link.read.1.tlog
d:\desktop\智慧树\opengl文件\透镜实验\加入透镜的孔径\openglexercise01\debug\透镜实验.tlog\link.write.1.tlog
d:\desktop\智慧树\opengl文件\透镜实验\加入透镜的孔径\openglexercise01\debug\透镜实验.tlog\rc.command.1.tlog
d:\desktop\智慧树\opengl文件\透镜实验\加入透镜的孔径\openglexercise01\debug\透镜实验.tlog\rc.read.1.tlog
d:\desktop\智慧树\opengl文件\透镜实验\加入透镜的孔径\openglexercise01\debug\透镜实验.tlog\rc.write.1.tlog
